<?xml version="1.0" encoding="UTF-8"?>
<!-- Generated by org.testng.reporters.JUnitReportReporter -->
<testsuite ignored="0" hostname="LAPTOP-ISBERBL9" failures="0" tests="1" name="TestContact" time="4.457" errors="0" timestamp="13 10æœˆ 2023 08:17:51 GMT" skipped="0">
  <testcase classname="TestContact" name="SearchName" time="4.457"/>
</testsuite> <!-- TestContact -->
