<?xml version="1.0" encoding="UTF-8"?>
<testsuite xmlns:xsi="http://www.w3.org/2001/XMLSchema-instance" xsi:noNamespaceSchemaLocation="https://maven.apache.org/surefire/maven-surefire-plugin/xsd/surefire-test-report-3.0.xsd" version="3.0" name="TestSuite" time="20.087" tests="2" errors="0" skipped="0" failures="0">
  <properties>
    <property name="java.specification.version" value="16"/>
    <property name="webdriver.chrome.driver" value="chromedriver.exe"/>
    <property name="sun.cpu.isalist" value="amd64"/>
    <property name="sun.jnu.encoding" value="GBK"/>
    <property name="java.class.path" value="D:\WebTemplate\target\test-classes;D:\WebTemplate\target\classes;D:\RepMaven\org\seleniumhq\selenium\selenium-java\3.141.59\selenium-java-3.141.59.jar;D:\RepMaven\org\seleniumhq\selenium\selenium-api\3.141.59\selenium-api-3.141.59.jar;D:\RepMaven\org\seleniumhq\selenium\selenium-chrome-driver\3.141.59\selenium-chrome-driver-3.141.59.jar;D:\RepMaven\org\seleniumhq\selenium\selenium-edge-driver\3.141.59\selenium-edge-driver-3.141.59.jar;D:\RepMaven\org\seleniumhq\selenium\selenium-firefox-driver\3.141.59\selenium-firefox-driver-3.141.59.jar;D:\RepMaven\org\seleniumhq\selenium\selenium-ie-driver\3.141.59\selenium-ie-driver-3.141.59.jar;D:\RepMaven\org\seleniumhq\selenium\selenium-opera-driver\3.141.59\selenium-opera-driver-3.141.59.jar;D:\RepMaven\org\seleniumhq\selenium\selenium-remote-driver\3.141.59\selenium-remote-driver-3.141.59.jar;D:\RepMaven\org\seleniumhq\selenium\selenium-safari-driver\3.141.59\selenium-safari-driver-3.141.59.jar;D:\RepMaven\org\seleniumhq\selenium\selenium-support\3.141.59\selenium-support-3.141.59.jar;D:\RepMaven\net\bytebuddy\byte-buddy\1.8.15\byte-buddy-1.8.15.jar;D:\RepMaven\org\apache\commons\commons-exec\1.3\commons-exec-1.3.jar;D:\RepMaven\com\google\guava\guava\25.0-jre\guava-25.0-jre.jar;D:\RepMaven\com\google\code\findbugs\jsr305\1.3.9\jsr305-1.3.9.jar;D:\RepMaven\org\checkerframework\checker-compat-qual\2.0.0\checker-compat-qual-2.0.0.jar;D:\RepMaven\com\google\errorprone\error_prone_annotations\2.1.3\error_prone_annotations-2.1.3.jar;D:\RepMaven\com\google\j2objc\j2objc-annotations\1.1\j2objc-annotations-1.1.jar;D:\RepMaven\org\codehaus\mojo\animal-sniffer-annotations\1.14\animal-sniffer-annotations-1.14.jar;D:\RepMaven\com\squareup\okhttp3\okhttp\3.11.0\okhttp-3.11.0.jar;D:\RepMaven\com\squareup\okio\okio\1.14.0\okio-1.14.0.jar;D:\RepMaven\com\fasterxml\jackson\dataformat\jackson-dataformat-yaml\2.14.2\jackson-dataformat-yaml-2.14.2.jar;D:\RepMaven\com\fasterxml\jackson\core\jackson-databind\2.14.2\jackson-databind-2.14.2.jar;D:\RepMaven\com\fasterxml\jackson\core\jackson-annotations\2.14.2\jackson-annotations-2.14.2.jar;D:\RepMaven\org\yaml\snakeyaml\1.33\snakeyaml-1.33.jar;D:\RepMaven\com\fasterxml\jackson\core\jackson-core\2.14.2\jackson-core-2.14.2.jar;D:\RepMaven\org\testng\testng\6.10\testng-6.10.jar;D:\RepMaven\com\beust\jcommander\1.48\jcommander-1.48.jar;D:\RepMaven\io\qameta\allure\allure-testng\2.24.0\allure-testng-2.24.0.jar;D:\RepMaven\io\qameta\allure\allure-java-commons\2.24.0\allure-java-commons-2.24.0.jar;D:\RepMaven\org\slf4j\slf4j-api\1.7.36\slf4j-api-1.7.36.jar;D:\RepMaven\io\qameta\allure\allure-model\2.24.0\allure-model-2.24.0.jar;D:\RepMaven\io\qameta\allure\allure-test-filter\2.24.0\allure-test-filter-2.24.0.jar;"/>
    <property name="java.vm.vendor" value="Oracle Corporation"/>
    <property name="sun.arch.data.model" value="64"/>
    <property name="user.variant" value=""/>
    <property name="java.vendor.url" value="https://java.oracle.com/"/>
    <property name="user.timezone" value="Asia/Shanghai"/>
    <property name="os.name" value="Windows 10"/>
    <property name="java.vm.specification.version" value="16"/>
    <property name="sun.java.launcher" value="SUN_STANDARD"/>
    <property name="user.country" value="CN"/>
    <property name="sun.boot.library.path" value="D:\java16\bin"/>
    <property name="sun.java.command" value="C:\Users\杨振威\AppData\Local\Temp\surefire5619409364730204919\surefirebooter-20231013161730941_3.jar C:\Users\杨振威\AppData\Local\Temp\surefire5619409364730204919 2023-10-13T16-17-30_741-jvmRun1 surefire-20231013161730941_1tmp surefire_0-20231013161730941_2tmp"/>
    <property name="jdk.debug" value="release"/>
    <property name="surefire.test.class.path" value="D:\WebTemplate\target\test-classes;D:\WebTemplate\target\classes;D:\RepMaven\org\seleniumhq\selenium\selenium-java\3.141.59\selenium-java-3.141.59.jar;D:\RepMaven\org\seleniumhq\selenium\selenium-api\3.141.59\selenium-api-3.141.59.jar;D:\RepMaven\org\seleniumhq\selenium\selenium-chrome-driver\3.141.59\selenium-chrome-driver-3.141.59.jar;D:\RepMaven\org\seleniumhq\selenium\selenium-edge-driver\3.141.59\selenium-edge-driver-3.141.59.jar;D:\RepMaven\org\seleniumhq\selenium\selenium-firefox-driver\3.141.59\selenium-firefox-driver-3.141.59.jar;D:\RepMaven\org\seleniumhq\selenium\selenium-ie-driver\3.141.59\selenium-ie-driver-3.141.59.jar;D:\RepMaven\org\seleniumhq\selenium\selenium-opera-driver\3.141.59\selenium-opera-driver-3.141.59.jar;D:\RepMaven\org\seleniumhq\selenium\selenium-remote-driver\3.141.59\selenium-remote-driver-3.141.59.jar;D:\RepMaven\org\seleniumhq\selenium\selenium-safari-driver\3.141.59\selenium-safari-driver-3.141.59.jar;D:\RepMaven\org\seleniumhq\selenium\selenium-support\3.141.59\selenium-support-3.141.59.jar;D:\RepMaven\net\bytebuddy\byte-buddy\1.8.15\byte-buddy-1.8.15.jar;D:\RepMaven\org\apache\commons\commons-exec\1.3\commons-exec-1.3.jar;D:\RepMaven\com\google\guava\guava\25.0-jre\guava-25.0-jre.jar;D:\RepMaven\com\google\code\findbugs\jsr305\1.3.9\jsr305-1.3.9.jar;D:\RepMaven\org\checkerframework\checker-compat-qual\2.0.0\checker-compat-qual-2.0.0.jar;D:\RepMaven\com\google\errorprone\error_prone_annotations\2.1.3\error_prone_annotations-2.1.3.jar;D:\RepMaven\com\google\j2objc\j2objc-annotations\1.1\j2objc-annotations-1.1.jar;D:\RepMaven\org\codehaus\mojo\animal-sniffer-annotations\1.14\animal-sniffer-annotations-1.14.jar;D:\RepMaven\com\squareup\okhttp3\okhttp\3.11.0\okhttp-3.11.0.jar;D:\RepMaven\com\squareup\okio\okio\1.14.0\okio-1.14.0.jar;D:\RepMaven\com\fasterxml\jackson\dataformat\jackson-dataformat-yaml\2.14.2\jackson-dataformat-yaml-2.14.2.jar;D:\RepMaven\com\fasterxml\jackson\core\jackson-databind\2.14.2\jackson-databind-2.14.2.jar;D:\RepMaven\com\fasterxml\jackson\core\jackson-annotations\2.14.2\jackson-annotations-2.14.2.jar;D:\RepMaven\org\yaml\snakeyaml\1.33\snakeyaml-1.33.jar;D:\RepMaven\com\fasterxml\jackson\core\jackson-core\2.14.2\jackson-core-2.14.2.jar;D:\RepMaven\org\testng\testng\6.10\testng-6.10.jar;D:\RepMaven\com\beust\jcommander\1.48\jcommander-1.48.jar;D:\RepMaven\io\qameta\allure\allure-testng\2.24.0\allure-testng-2.24.0.jar;D:\RepMaven\io\qameta\allure\allure-java-commons\2.24.0\allure-java-commons-2.24.0.jar;D:\RepMaven\org\slf4j\slf4j-api\1.7.36\slf4j-api-1.7.36.jar;D:\RepMaven\io\qameta\allure\allure-model\2.24.0\allure-model-2.24.0.jar;D:\RepMaven\io\qameta\allure\allure-test-filter\2.24.0\allure-test-filter-2.24.0.jar;"/>
    <property name="allure.results.directory" value="D:\WebTemplate\target/allure-results"/>
    <property name="sun.cpu.endian" value="little"/>
    <property name="user.home" value="C:\Users\杨振威"/>
    <property name="user.language" value="zh"/>
    <property name="java.specification.vendor" value="Oracle Corporation"/>
    <property name="java.version.date" value="2021-03-16"/>
    <property name="java.home" value="D:\java16"/>
    <property name="file.separator" value="\"/>
    <property name="basedir" value="D:\WebTemplate"/>
    <property name="java.vm.compressedOopsMode" value="Zero based"/>
    <property name="line.separator" value="&#10;"/>
    <property name="java.vm.specification.vendor" value="Oracle Corporation"/>
    <property name="java.specification.name" value="Java Platform API Specification"/>
    <property name="surefire.real.class.path" value="C:\Users\杨振威\AppData\Local\Temp\surefire5619409364730204919\surefirebooter-20231013161730941_3.jar"/>
    <property name="user.script" value=""/>
    <property name="sun.management.compiler" value="HotSpot 64-Bit Tiered Compilers"/>
    <property name="java.runtime.version" value="16+36-2231"/>
    <property name="user.name" value="Eazin"/>
    <property name="path.separator" value=";"/>
    <property name="os.version" value="10.0"/>
    <property name="java.runtime.name" value="Java(TM) SE Runtime Environment"/>
    <property name="file.encoding" value="UTF-8"/>
    <property name="java.vm.name" value="Java HotSpot(TM) 64-Bit Server VM"/>
    <property name="localRepository" value="D:\RepMaven"/>
    <property name="java.vendor.url.bug" value="https://bugreport.java.com/bugreport/"/>
    <property name="java.io.tmpdir" value="C:\Users\杨振威\AppData\Local\Temp\"/>
    <property name="java.version" value="16"/>
    <property name="user.dir" value="D:\WebTemplate"/>
    <property name="os.arch" value="amd64"/>
    <property name="java.vm.specification.name" value="Java Virtual Machine Specification"/>
    <property name="sun.os.patch.level" value=""/>
    <property name="java.library.path" value="D:\java16\bin;C:\Windows\Sun\Java\bin;C:\Windows\system32;C:\Windows;&quot;D:\java16\bin;&quot;;D:\java16\jre\bin;C:\Program Files (x86)\Common Files\NetSarang;C:\Program Files\Common Files\Oracle\Java\javapath;D:\xsheel\;C:\Windows\system32;C:\Windows;C:\Windows\System32\Wbem;C:\Windows\System32\WindowsPowerShell\v1.0\;C:\Windows\System32\OpenSSH\;&quot;D:\java16\jdk18\bin;&quot;;D:\sudo.vbs;&quot;D:\android_sdk\android-sdk-windows\tools;&quot;;&quot;D:\android_sdk\android-sdk-windows\platform-tools;&quot;;D:\android_sdk\android-sdk-windows\platforms;D:\android_sdk\android-sdk-windows\platform-tools;D:\python3.7\Scripts;D:\android_sdk\android-sdk-windows\build-tools\29.0.3;D:\python3.7;D:\java16\jre\lib\ext;D:\Maven\apache-maven-3.6.1\bin;D:\Maven\apache-maven-3.6.1\bin;D:\Sonarqube\sonarqube-7.6\bin;D:\Sonarqube\sonarqube-7.6\bin\windows-x86-64;%SONAR_RUNNER_HOME\bin;D:\SonarScanner\sonar-scanner-3.3.0.1492-windows\bin;D:\SVN\bin;D:\tortoisesvn\bin;D:\python3.7\Scripts\;D:\python3.7\;C:\Users\杨振威\AppData\Local\Microsoft\WindowsApps;D:\Fiddler;D:\BrowserStackLocal\;;."/>
    <property name="java.vm.info" value="mixed mode, sharing"/>
    <property name="java.vendor" value="Oracle Corporation"/>
    <property name="java.vm.version" value="16+36-2231"/>
    <property name="sun.io.unicode.encoding" value="UnicodeLittle"/>
    <property name="java.class.version" value="60.0"/>
  </properties>
  <testcase name="SearchName" classname="TestLead" time="0.026">
    <system-err><![CDATA[SLF4J: Failed to load class "org.slf4j.impl.StaticLoggerBinder".
SLF4J: Defaulting to no-operation (NOP) logger implementation
SLF4J: See http://www.slf4j.org/codes.html#StaticLoggerBinder for further details.
StartSingt CahrrotmeDirnivger 11 7.0.C59h38r.9o2m (e67D64r9bi1v0be9r2b b118127fb.a03.557983318e.f97d2d 6a(16b7a64a95b61048b-9re2fbs/bb1r8an2cfh-bhae3a5d7s8/3519e3f87_d6d26@a{1b#a1a45}6)4 8-orne fpso/rtb ra2nc9h1-0h9e
aOdnsl/y5 9lo3c8a_l6 2c@on{n#e1c4}t)io onns  aporret  a4l6l4o7we
d.On
lPyl elaoscea ls ceoen nhetcttps://chromedriver.chroimiuom.nosrg /aserceu railtly-owceodn.s
iPdleeraastei osnese  fhtotrps :s/u/gcghersotmiedornisve ro.nc hkreomeipuimn.ogr gC/hsercouritym-ecDonrsiivdeerart iosnasf ef.or
 suggestions on keeping ChromeDriver safe.
ChromeDriver was started successfully.
ChromeDriver was started successfully.
10月 13, 2023 4:17:35 下午 org.openqa.selenium.remote.ProtocolHandshake createSession
信息: Detected dialect: W3C
10月 13, 2023 4:17:35 下午 org.openqa.selenium.remote.ProtocolHandshake createSession
信息: Detected dialect: W3C
]]></system-err>
  </testcase>
  <testcase name="SearchName" classname="TestContact" time="4.456"/>
</testsuite>